<?xml version="1.0" encoding="UTF-8"?>
<testng-results ignored="0" total="5" passed="4" failed="1" skipped="0">
  <reporter-output>
  </reporter-output>
  <suite started-at="2021-07-05T22:33:03 IST" name="Suite" finished-at="2021-07-05T22:34:38 IST" duration-ms="94682">
    <groups>
    </groups>
    <test started-at="2021-07-05T22:33:03 IST" name="Test1" finished-at="2021-07-05T22:33:17 IST" duration-ms="14295">
      <class name="testCases.HomePage">
        <test-method is-config="true" signature="initialize()[pri:0, instance:testCases.HomePage@6928f576]" started-at="2021-07-05T22:33:03 IST" name="initialize" finished-at="2021-07-05T22:33:17 IST" duration-ms="13967" status="PASS">
          <reporter-output>
          </reporter-output>
        </test-method> <!-- initialize -->
        <test-method signature="baseHomePageNavigation()[pri:0, instance:testCases.HomePage@6928f576]" started-at="2021-07-05T22:33:17 IST" name="baseHomePageNavigation" finished-at="2021-07-05T22:33:17 IST" duration-ms="174" status="PASS">
          <reporter-output>
          </reporter-output>
        </test-method> <!-- baseHomePageNavigation -->
        <test-method is-config="true" signature="endTesting()[pri:0, instance:testCases.HomePage@6928f576]" started-at="2021-07-05T22:33:17 IST" name="endTesting" finished-at="2021-07-05T22:33:17 IST" duration-ms="124" status="PASS">
          <reporter-output>
          </reporter-output>
        </test-method> <!-- endTesting -->
      </class> <!-- testCases.HomePage -->
    </test> <!-- Test1 -->
    <test started-at="2021-07-05T22:33:18 IST" name="Test2" finished-at="2021-07-05T22:33:35 IST" duration-ms="17604">
      <class name="testCases.LoginPage">
        <test-method is-config="true" signature="initialize()[pri:0, instance:testCases.LoginPage@579d011c]" started-at="2021-07-05T22:33:18 IST" name="initialize" finished-at="2021-07-05T22:33:32 IST" duration-ms="14219" status="PASS">
          <reporter-output>
          </reporter-output>
        </test-method> <!-- initialize -->
        <test-method signature="login(java.lang.String, java.lang.String, java.lang.String)[pri:0, instance:testCases.LoginPage@579d011c]" started-at="2021-07-05T22:33:32 IST" name="login" data-provider="getData" finished-at="2021-07-05T22:33:35 IST" duration-ms="3268" status="PASS">
          <params>
            <param index="0">
              <value>
                <![CDATA[nidhi@gmail.com]]>
              </value>
            </param>
            <param index="1">
              <value>
                <![CDATA[Password1]]>
              </value>
            </param>
            <param index="2">
              <value>
                <![CDATA[Valid user]]>
              </value>
            </param>
          </params>
          <reporter-output>
          </reporter-output>
        </test-method> <!-- login -->
        <test-method is-config="true" signature="endTesting()[pri:0, instance:testCases.LoginPage@579d011c]" started-at="2021-07-05T22:33:35 IST" name="endTesting" finished-at="2021-07-05T22:33:35 IST" duration-ms="93" status="PASS">
          <reporter-output>
          </reporter-output>
        </test-method> <!-- endTesting -->
      </class> <!-- testCases.LoginPage -->
    </test> <!-- Test2 -->
    <test started-at="2021-07-05T22:33:36 IST" name="Test3" finished-at="2021-07-05T22:33:54 IST" duration-ms="18044">
      <class name="testCases.Courses">
        <test-method is-config="true" signature="initialize()[pri:0, instance:testCases.Courses@733c423e]" started-at="2021-07-05T22:33:36 IST" name="initialize" finished-at="2021-07-05T22:33:47 IST" duration-ms="11287" status="PASS">
          <reporter-output>
          </reporter-output>
        </test-method> <!-- initialize -->
        <test-method signature="courses()[pri:0, instance:testCases.Courses@733c423e]" started-at="2021-07-05T22:33:47 IST" name="courses" finished-at="2021-07-05T22:33:53 IST" duration-ms="6085" status="FAIL">
          <exception class="java.lang.AssertionError">
            <message>
              <![CDATA[expected [false] but found [true]]]>
            </message>
            <full-stacktrace>
              <![CDATA[java.lang.AssertionError: expected [false] but found [true]
at org.testng.Assert.fail(Assert.java:99)
at org.testng.Assert.failNotEquals(Assert.java:1037)
at org.testng.Assert.assertFalse(Assert.java:67)
at org.testng.Assert.assertFalse(Assert.java:77)
at testCases.Courses.courses(Courses.java:40)
at java.base/jdk.internal.reflect.NativeMethodAccessorImpl.invoke0(Native Method)
at java.base/jdk.internal.reflect.NativeMethodAccessorImpl.invoke(NativeMethodAccessorImpl.java:64)
at java.base/jdk.internal.reflect.DelegatingMethodAccessorImpl.invoke(DelegatingMethodAccessorImpl.java:43)
at java.base/java.lang.reflect.Method.invoke(Method.java:564)
at org.testng.internal.MethodInvocationHelper.invokeMethod(MethodInvocationHelper.java:132)
at org.testng.internal.TestInvoker.invokeMethod(TestInvoker.java:599)
at org.testng.internal.TestInvoker.invokeTestMethod(TestInvoker.java:174)
at org.testng.internal.MethodRunner.runInSequence(MethodRunner.java:46)
at org.testng.internal.TestInvoker$MethodInvocationAgent.invoke(TestInvoker.java:822)
at org.testng.internal.TestInvoker.invokeTestMethods(TestInvoker.java:147)
at org.testng.internal.TestMethodWorker.invokeTestMethods(TestMethodWorker.java:146)
at org.testng.internal.TestMethodWorker.run(TestMethodWorker.java:128)
at java.base/java.util.ArrayList.forEach(ArrayList.java:1511)
at org.testng.TestRunner.privateRun(TestRunner.java:764)
at org.testng.TestRunner.run(TestRunner.java:585)
at org.testng.SuiteRunner.runTest(SuiteRunner.java:384)
at org.testng.SuiteRunner.runSequentially(SuiteRunner.java:378)
at org.testng.SuiteRunner.privateRun(SuiteRunner.java:337)
at org.testng.SuiteRunner.run(SuiteRunner.java:286)
at org.testng.SuiteRunnerWorker.runSuite(SuiteRunnerWorker.java:53)
at org.testng.SuiteRunnerWorker.run(SuiteRunnerWorker.java:96)
at org.testng.TestNG.runSuitesSequentially(TestNG.java:1218)
at org.testng.TestNG.runSuitesLocally(TestNG.java:1140)
at org.testng.TestNG.runSuites(TestNG.java:1069)
at org.testng.TestNG.run(TestNG.java:1037)
at org.testng.remote.AbstractRemoteTestNG.run(AbstractRemoteTestNG.java:115)
at org.testng.remote.RemoteTestNG.initAndRun(RemoteTestNG.java:251)
at org.testng.remote.RemoteTestNG.main(RemoteTestNG.java:77)
]]>
            </full-stacktrace>
          </exception> <!-- java.lang.AssertionError -->
          <reporter-output>
          </reporter-output>
        </test-method> <!-- courses -->
        <test-method is-config="true" signature="endTesting()[pri:0, instance:testCases.Courses@733c423e]" started-at="2021-07-05T22:33:53 IST" name="endTesting" finished-at="2021-07-05T22:33:54 IST" duration-ms="171" status="PASS">
          <reporter-output>
          </reporter-output>
        </test-method> <!-- endTesting -->
      </class> <!-- testCases.Courses -->
    </test> <!-- Test3 -->
    <test started-at="2021-07-05T22:33:54 IST" name="Test4" finished-at="2021-07-05T22:34:17 IST" duration-ms="23497">
      <class name="testCases.Contact">
        <test-method is-config="true" signature="initialize()[pri:0, instance:testCases.Contact@2af616d3]" started-at="2021-07-05T22:33:54 IST" name="initialize" finished-at="2021-07-05T22:34:08 IST" duration-ms="14666" status="PASS">
          <reporter-output>
          </reporter-output>
        </test-method> <!-- initialize -->
        <test-method signature="contact()[pri:0, instance:testCases.Contact@2af616d3]" started-at="2021-07-05T22:34:08 IST" name="contact" finished-at="2021-07-05T22:34:17 IST" duration-ms="8666" status="PASS">
          <reporter-output>
          </reporter-output>
        </test-method> <!-- contact -->
        <test-method is-config="true" signature="endTesting()[pri:0, instance:testCases.Contact@2af616d3]" started-at="2021-07-05T22:34:17 IST" name="endTesting" finished-at="2021-07-05T22:34:17 IST" duration-ms="160" status="PASS">
          <reporter-output>
          </reporter-output>
        </test-method> <!-- endTesting -->
      </class> <!-- testCases.Contact -->
    </test> <!-- Test4 -->
    <test started-at="2021-07-05T22:34:17 IST" name="Test5" finished-at="2021-07-05T22:34:38 IST" duration-ms="20507">
      <class name="testCases.Practice">
        <test-method is-config="true" signature="initialize()[pri:0, instance:testCases.Practice@5910de75]" started-at="2021-07-05T22:34:17 IST" name="initialize" finished-at="2021-07-05T22:34:31 IST" duration-ms="13955" status="PASS">
          <reporter-output>
          </reporter-output>
        </test-method> <!-- initialize -->
        <test-method signature="practice()[pri:0, instance:testCases.Practice@5910de75]" started-at="2021-07-05T22:34:31 IST" name="practice" finished-at="2021-07-05T22:34:38 IST" duration-ms="6461" status="PASS">
          <reporter-output>
          </reporter-output>
        </test-method> <!-- practice -->
        <test-method is-config="true" signature="endTesting()[pri:0, instance:testCases.Practice@5910de75]" started-at="2021-07-05T22:34:38 IST" name="endTesting" finished-at="2021-07-05T22:34:38 IST" duration-ms="86" status="PASS">
          <reporter-output>
          </reporter-output>
        </test-method> <!-- endTesting -->
      </class> <!-- testCases.Practice -->
    </test> <!-- Test5 -->
  </suite> <!-- Suite -->
</testng-results>
